<?xml version="1.0" encoding="UTF-8"?>
<!-- Generated by org.testng.reporters.JUnitReportReporter -->
<testsuite hostname="DESKTOP-7S7LCUO" failures="0" tests="2" name="tests.Login2" time="7.858" errors="0" timestamp="2024-04-04T23:10:56 IST" skipped="0">
  <testcase classname="tests.Login2" name="test1" time="3.401"/>
  <testcase classname="tests.Login2" name="test2" time="4.457"/>
</testsuite> <!-- tests.Login2 -->
