<?xml version="1.0" encoding="UTF-8"?>
<!-- Generated by org.testng.reporters.JUnitReportReporter -->
<testsuite hostname="DESKTOP-7S7LCUO" failures="0" tests="2" name="tests.Login2" time="11.796" errors="0" timestamp="2024-04-05T00:05:23 IST" skipped="0">
  <testcase classname="tests.Login2" name="test1" time="5.507"/>
  <testcase classname="tests.Login2" name="test2" time="6.289"/>
</testsuite> <!-- tests.Login2 -->
