<?xml version="1.0" encoding="UTF-8"?>
<!-- Generated by org.testng.reporters.JUnitReportReporter -->
<testsuite hostname="DESKTOP-7S7LCUO" failures="0" tests="2" name="tests.Login2" time="13.268" errors="0" timestamp="2024-04-04T22:41:51 IST" skipped="0">
  <testcase classname="tests.Login2" name="test1" time="9.667"/>
  <testcase classname="tests.Login2" name="test2" time="3.601"/>
</testsuite> <!-- tests.Login2 -->
